16:35:03 - INFO  com.example.demo.DemoApplication - Starting DemoApplication on DESKTOP-8G911JP with PID 360 (C:\Users\Ken\Desktop\demo\target\classes started by Ken in C:\Users\Ken\Desktop\demo)
16:35:03 - INFO  com.example.demo.DemoApplication - The following profiles are active: dev
16:35:03 - INFO  o.s.b.c.e.AnnotationConfigEmbeddedWebApplicationContext - Refreshing org.springframework.boot.context.embedded.AnnotationConfigEmbeddedWebApplicationContext@5778753b: startup date [Mon Sep 17 16:35:03 CST 2018]; root of context hierarchy
16:35:04 - INFO  o.s.c.s.PostProcessorRegistrationDelegate$BeanPostProcessorChecker - Bean 'shiroConfig' of type [com.example.demo.config.shiro.ShiroConfig$$EnhancerBySpringCGLIB$$a8e240f4] is not eligible for getting processed by all BeanPostProcessors (for example: not eligible for auto-proxying)
16:35:04 - INFO  o.s.c.s.PostProcessorRegistrationDelegate$BeanPostProcessorChecker - Bean 'mybatis-plus-com.baomidou.mybatisplus.spring.boot.starter.MybatisPlusProperties' of type [com.baomidou.mybatisplus.spring.boot.starter.MybatisPlusProperties] is not eligible for getting processed by all BeanPostProcessors (for example: not eligible for auto-proxying)
16:35:04 - INFO  o.s.c.s.PostProcessorRegistrationDelegate$BeanPostProcessorChecker - Bean 'com.baomidou.mybatisplus.spring.boot.starter.MybatisPlusAutoConfiguration' of type [com.baomidou.mybatisplus.spring.boot.starter.MybatisPlusAutoConfiguration$$EnhancerBySpringCGLIB$$46cda5a8] is not eligible for getting processed by all BeanPostProcessors (for example: not eligible for auto-proxying)
16:35:04 - INFO  o.s.c.s.PostProcessorRegistrationDelegate$BeanPostProcessorChecker - Bean 'com.alibaba.druid.spring.boot.autoconfigure.DruidDataSourceAutoConfigure' of type [com.alibaba.druid.spring.boot.autoconfigure.DruidDataSourceAutoConfigure$$EnhancerBySpringCGLIB$$12d9fcbd] is not eligible for getting processed by all BeanPostProcessors (for example: not eligible for auto-proxying)
16:35:04 - INFO  o.s.c.s.PostProcessorRegistrationDelegate$BeanPostProcessorChecker - Bean 'spring.datasource-org.springframework.boot.autoconfigure.jdbc.DataSourceProperties' of type [org.springframework.boot.autoconfigure.jdbc.DataSourceProperties] is not eligible for getting processed by all BeanPostProcessors (for example: not eligible for auto-proxying)
16:35:04 - INFO  o.s.c.s.PostProcessorRegistrationDelegate$BeanPostProcessorChecker - Bean 'com.alibaba.druid.spring.boot.autoconfigure.stat.DruidFilterConfiguration' of type [com.alibaba.druid.spring.boot.autoconfigure.stat.DruidFilterConfiguration] is not eligible for getting processed by all BeanPostProcessors (for example: not eligible for auto-proxying)
16:35:04 - INFO  o.s.c.s.PostProcessorRegistrationDelegate$BeanPostProcessorChecker - Bean 'statFilter' of type [com.alibaba.druid.filter.stat.StatFilter] is not eligible for getting processed by all BeanPostProcessors (for example: not eligible for auto-proxying)
16:35:04 - INFO  o.s.c.s.PostProcessorRegistrationDelegate$BeanPostProcessorChecker - Bean 'dataSource' of type [com.alibaba.druid.spring.boot.autoconfigure.DruidDataSourceWrapper] is not eligible for getting processed by all BeanPostProcessors (for example: not eligible for auto-proxying)
16:35:06 - INFO  c.alibaba.druid.pool.DruidDataSource - {dataSource-1} inited
16:35:06 - INFO  o.s.c.s.PostProcessorRegistrationDelegate$BeanPostProcessorChecker - Bean 'sqlSessionFactory' of type [org.apache.ibatis.session.defaults.DefaultSqlSessionFactory] is not eligible for getting processed by all BeanPostProcessors (for example: not eligible for auto-proxying)
16:35:06 - INFO  o.s.c.s.PostProcessorRegistrationDelegate$BeanPostProcessorChecker - Bean 'sqlSessionTemplate' of type [org.mybatis.spring.SqlSessionTemplate] is not eligible for getting processed by all BeanPostProcessors (for example: not eligible for auto-proxying)
16:35:06 - INFO  o.s.c.s.PostProcessorRegistrationDelegate$BeanPostProcessorChecker - Bean 'sysUserDao' of type [org.mybatis.spring.mapper.MapperFactoryBean] is not eligible for getting processed by all BeanPostProcessors (for example: not eligible for auto-proxying)
16:35:06 - INFO  o.s.c.s.PostProcessorRegistrationDelegate$BeanPostProcessorChecker - Bean 'sysUserDao' of type [com.sun.proxy.$Proxy72] is not eligible for getting processed by all BeanPostProcessors (for example: not eligible for auto-proxying)
16:35:06 - INFO  o.s.c.s.PostProcessorRegistrationDelegate$BeanPostProcessorChecker - Bean 'sysRoleDao' of type [org.mybatis.spring.mapper.MapperFactoryBean] is not eligible for getting processed by all BeanPostProcessors (for example: not eligible for auto-proxying)
16:35:06 - INFO  o.s.c.s.PostProcessorRegistrationDelegate$BeanPostProcessorChecker - Bean 'sysRoleDao' of type [com.sun.proxy.$Proxy73] is not eligible for getting processed by all BeanPostProcessors (for example: not eligible for auto-proxying)
16:35:06 - INFO  o.s.c.s.PostProcessorRegistrationDelegate$BeanPostProcessorChecker - Bean 'sysPermissionDao' of type [org.mybatis.spring.mapper.MapperFactoryBean] is not eligible for getting processed by all BeanPostProcessors (for example: not eligible for auto-proxying)
16:35:06 - INFO  o.s.c.s.PostProcessorRegistrationDelegate$BeanPostProcessorChecker - Bean 'sysPermissionDao' of type [com.sun.proxy.$Proxy74] is not eligible for getting processed by all BeanPostProcessors (for example: not eligible for auto-proxying)
16:35:06 - INFO  o.s.c.s.PostProcessorRegistrationDelegate$BeanPostProcessorChecker - Bean 'sysUserService' of type [com.example.demo.service.impl.SysUserServiceImpl] is not eligible for getting processed by all BeanPostProcessors (for example: not eligible for auto-proxying)
16:35:06 - INFO  o.s.c.s.PostProcessorRegistrationDelegate$BeanPostProcessorChecker - Bean 'sysRoleService' of type [com.example.demo.service.impl.SysRoleServiceImpl] is not eligible for getting processed by all BeanPostProcessors (for example: not eligible for auto-proxying)
16:35:06 - INFO  o.s.c.s.PostProcessorRegistrationDelegate$BeanPostProcessorChecker - Bean 'sysPermissionService' of type [com.example.demo.service.impl.SysPermissionServiceImpl] is not eligible for getting processed by all BeanPostProcessors (for example: not eligible for auto-proxying)
16:35:06 - INFO  o.s.c.s.PostProcessorRegistrationDelegate$BeanPostProcessorChecker - Bean 'myRealm' of type [com.example.demo.config.shiro.MyRealm] is not eligible for getting processed by all BeanPostProcessors (for example: not eligible for auto-proxying)
16:35:06 - INFO  o.s.c.s.PostProcessorRegistrationDelegate$BeanPostProcessorChecker - Bean 'securityManager' of type [org.apache.shiro.web.mgt.DefaultWebSecurityManager] is not eligible for getting processed by all BeanPostProcessors (for example: not eligible for auto-proxying)
16:35:06 - INFO  o.s.c.s.PostProcessorRegistrationDelegate$BeanPostProcessorChecker - Bean 'org.springframework.transaction.annotation.ProxyTransactionManagementConfiguration' of type [org.springframework.transaction.annotation.ProxyTransactionManagementConfiguration$$EnhancerBySpringCGLIB$$f92e074b] is not eligible for getting processed by all BeanPostProcessors (for example: not eligible for auto-proxying)
16:35:06 - INFO  o.s.c.s.PostProcessorRegistrationDelegate$BeanPostProcessorChecker - Bean 'authorizationAttributeSourceAdvisor' of type [org.apache.shiro.spring.security.interceptor.AuthorizationAttributeSourceAdvisor] is not eligible for getting processed by all BeanPostProcessors (for example: not eligible for auto-proxying)
16:35:07 - INFO  o.s.b.c.e.t.TomcatEmbeddedServletContainer - Tomcat initialized with port(s): 8080 (http)
16:35:07 - INFO  o.a.catalina.core.StandardService - Starting service [Tomcat]
16:35:07 - INFO  o.a.catalina.core.StandardEngine - Starting Servlet Engine: Apache Tomcat/8.5.32
16:35:07 - INFO  o.a.c.c.C.[Tomcat].[localhost].[/] - Initializing Spring embedded WebApplicationContext
16:35:07 - INFO  o.s.web.context.ContextLoader - Root WebApplicationContext: initialization completed in 4135 ms
16:35:07 - INFO  o.s.b.w.s.ServletRegistrationBean - Mapping servlet: 'dispatcherServlet' to [/]
16:35:07 - INFO  o.s.b.w.s.ServletRegistrationBean - Mapping servlet: 'statViewServlet' to [/druid/*]
16:35:07 - INFO  o.s.b.w.s.FilterRegistrationBean - Mapping filter: 'characterEncodingFilter' to: [/*]
16:35:07 - INFO  o.s.b.w.s.FilterRegistrationBean - Mapping filter: 'hiddenHttpMethodFilter' to: [/*]
16:35:07 - INFO  o.s.b.w.s.FilterRegistrationBean - Mapping filter: 'httpPutFormContentFilter' to: [/*]
16:35:07 - INFO  o.s.b.w.s.FilterRegistrationBean - Mapping filter: 'requestContextFilter' to: [/*]
16:35:07 - INFO  o.s.b.w.s.FilterRegistrationBean - Mapping filter: 'webStatFilter' to urls: [/*]
16:35:07 - INFO  o.s.b.w.s.FilterRegistrationBean - Mapping filter: 'shiroFilter' to: [/*]
16:35:07 - INFO  o.s.w.s.m.m.a.RequestMappingHandlerMapping - Mapped "{[/article],methods=[GET]}" onto public com.example.demo.utils.ResponseBean com.example.demo.controller.LoginController.article()
16:35:07 - INFO  o.s.w.s.m.m.a.RequestMappingHandlerMapping - Mapped "{[/login],methods=[POST]}" onto public com.example.demo.utils.ResponseBean com.example.demo.controller.LoginController.login(java.lang.String,java.lang.String)
16:35:07 - INFO  o.s.w.s.m.m.a.RequestMappingHandlerMapping - Mapped "{[/generator/sysrole/update]}" onto public com.example.demo.utils.R com.example.demo.controller.SysRoleController.update(com.example.demo.entity.SysRoleEntity)
16:35:07 - INFO  o.s.w.s.m.m.a.RequestMappingHandlerMapping - Mapped "{[/generator/sysrole/delete]}" onto public com.example.demo.utils.R com.example.demo.controller.SysRoleController.delete(java.lang.Long[])
16:35:07 - INFO  o.s.w.s.m.m.a.RequestMappingHandlerMapping - Mapped "{[/generator/sysrole/list]}" onto public com.example.demo.utils.R com.example.demo.controller.SysRoleController.list(java.util.Map<java.lang.String, java.lang.Object>)
16:35:07 - INFO  o.s.w.s.m.m.a.RequestMappingHandlerMapping - Mapped "{[/generator/sysrole/save]}" onto public com.example.demo.utils.R com.example.demo.controller.SysRoleController.save(com.example.demo.entity.SysRoleEntity)
16:35:07 - INFO  o.s.w.s.m.m.a.RequestMappingHandlerMapping - Mapped "{[/generator/sysrole/info/{oid}]}" onto public com.example.demo.utils.R com.example.demo.controller.SysRoleController.info(java.lang.Long)
16:35:07 - INFO  o.s.w.s.m.m.a.RequestMappingHandlerMapping - Mapped "{[/kenkon/user/update]}" onto public com.example.demo.utils.R com.example.demo.controller.UserController.update(int,java.lang.String)
16:35:07 - INFO  o.s.w.s.m.m.a.RequestMappingHandlerMapping - Mapped "{[/kenkon/user/delete]}" onto public com.example.demo.utils.R com.example.demo.controller.UserController.delete(java.lang.Integer[])
16:35:07 - INFO  o.s.w.s.m.m.a.RequestMappingHandlerMapping - Mapped "{[/kenkon/user/insert]}" onto public com.example.demo.utils.R com.example.demo.controller.UserController.insert(java.lang.String,java.lang.String)
16:35:07 - INFO  o.s.w.s.m.m.a.RequestMappingHandlerMapping - Mapped "{[/kenkon/user/getById]}" onto public com.example.demo.utils.R com.example.demo.controller.UserController.getByName(int)
16:35:07 - INFO  o.s.w.s.m.m.a.RequestMappingHandlerMapping - Mapped "{[/kenkon/user/getByName]}" onto public com.example.demo.utils.R com.example.demo.controller.UserController.getByName(java.lang.String)
16:35:07 - INFO  o.s.w.s.m.m.a.RequestMappingHandlerMapping - Mapped "{[/swagger-resources/configuration/security]}" onto public org.springframework.http.ResponseEntity<springfox.documentation.swagger.web.SecurityConfiguration> springfox.documentation.swagger.web.ApiResourceController.securityConfiguration()
16:35:07 - INFO  o.s.w.s.m.m.a.RequestMappingHandlerMapping - Mapped "{[/swagger-resources]}" onto public org.springframework.http.ResponseEntity<java.util.List<springfox.documentation.swagger.web.SwaggerResource>> springfox.documentation.swagger.web.ApiResourceController.swaggerResources()
16:35:07 - INFO  o.s.w.s.m.m.a.RequestMappingHandlerMapping - Mapped "{[/swagger-resources/configuration/ui]}" onto public org.springframework.http.ResponseEntity<springfox.documentation.swagger.web.UiConfiguration> springfox.documentation.swagger.web.ApiResourceController.uiConfiguration()
16:35:07 - INFO  o.s.w.s.m.m.a.RequestMappingHandlerMapping - Mapped "{[/error]}" onto public org.springframework.http.ResponseEntity<java.util.Map<java.lang.String, java.lang.Object>> org.springframework.boot.autoconfigure.web.BasicErrorController.error(javax.servlet.http.HttpServletRequest)
16:35:07 - INFO  o.s.w.s.m.m.a.RequestMappingHandlerMapping - Mapped "{[/error],produces=[text/html]}" onto public org.springframework.web.servlet.ModelAndView org.springframework.boot.autoconfigure.web.BasicErrorController.errorHtml(javax.servlet.http.HttpServletRequest,javax.servlet.http.HttpServletResponse)
16:35:07 - INFO  s.d.s.w.PropertySourcedRequestMappingHandlerMapping - Mapped URL path [/v2/api-docs] onto method [public org.springframework.http.ResponseEntity<springfox.documentation.spring.web.json.Json> springfox.documentation.swagger2.web.Swagger2Controller.getDocumentation(java.lang.String,javax.servlet.http.HttpServletRequest)]
16:35:08 - INFO  o.s.w.s.m.m.a.RequestMappingHandlerAdapter - Looking for @ControllerAdvice: org.springframework.boot.context.embedded.AnnotationConfigEmbeddedWebApplicationContext@5778753b: startup date [Mon Sep 17 16:35:03 CST 2018]; root of context hierarchy
16:35:08 - INFO  o.s.w.s.h.SimpleUrlHandlerMapping - Mapped URL path [/webjars/**] onto handler of type [class org.springframework.web.servlet.resource.ResourceHttpRequestHandler]
16:35:08 - INFO  o.s.w.s.h.SimpleUrlHandlerMapping - Mapped URL path [/**] onto handler of type [class org.springframework.web.servlet.resource.ResourceHttpRequestHandler]
16:35:08 - INFO  o.s.w.s.h.SimpleUrlHandlerMapping - Mapped URL path [/**/favicon.ico] onto handler of type [class org.springframework.web.servlet.resource.ResourceHttpRequestHandler]
16:35:08 - INFO  o.s.u.f.SpringTemplateLoader - SpringTemplateLoader for FreeMarker: using resource loader [org.springframework.boot.context.embedded.AnnotationConfigEmbeddedWebApplicationContext@5778753b: startup date [Mon Sep 17 16:35:03 CST 2018]; root of context hierarchy] and template loader path [classpath:/templates/]
16:35:08 - INFO  o.s.w.s.v.f.FreeMarkerConfigurer - ClassTemplateLoader for Spring macros added to FreeMarker configuration
16:35:08 - INFO  o.s.b.d.a.OptionalLiveReloadServer - LiveReload server is running on port 35729
16:35:08 - INFO  o.s.j.e.a.AnnotationMBeanExporter - Registering beans for JMX exposure on startup
16:35:08 - INFO  o.s.j.e.a.AnnotationMBeanExporter - Bean with name 'statFilter' has been autodetected for JMX exposure
16:35:08 - INFO  o.s.j.e.a.AnnotationMBeanExporter - Bean with name 'dataSource' has been autodetected for JMX exposure
16:35:08 - INFO  o.s.j.e.a.AnnotationMBeanExporter - Located MBean 'dataSource': registering with JMX server as MBean [com.alibaba.druid.spring.boot.autoconfigure:name=dataSource,type=DruidDataSourceWrapper]
16:35:08 - INFO  o.s.j.e.a.AnnotationMBeanExporter - Located MBean 'statFilter': registering with JMX server as MBean [com.alibaba.druid.filter.stat:name=statFilter,type=StatFilter]
16:35:08 - INFO  o.s.c.s.DefaultLifecycleProcessor - Starting beans in phase 2147483647
16:35:08 - INFO  s.d.s.w.p.DocumentationPluginsBootstrapper - Context refreshed
16:35:08 - INFO  s.d.s.w.p.DocumentationPluginsBootstrapper - Found 1 custom documentation plugin(s)
16:35:08 - INFO  s.d.s.w.s.ApiListingReferenceScanner - Scanning for api listing references
16:35:08 - INFO  s.d.s.w.r.o.CachingOperationNameGenerator - Generating unique operation named: deleteUsingGET_1
16:35:08 - INFO  s.d.s.w.r.o.CachingOperationNameGenerator - Generating unique operation named: deleteUsingHEAD_1
16:35:08 - INFO  s.d.s.w.r.o.CachingOperationNameGenerator - Generating unique operation named: deleteUsingPOST_1
16:35:08 - INFO  s.d.s.w.r.o.CachingOperationNameGenerator - Generating unique operation named: deleteUsingPUT_1
16:35:08 - INFO  s.d.s.w.r.o.CachingOperationNameGenerator - Generating unique operation named: deleteUsingPATCH_1
16:35:08 - INFO  s.d.s.w.r.o.CachingOperationNameGenerator - Generating unique operation named: deleteUsingDELETE_1
16:35:08 - INFO  s.d.s.w.r.o.CachingOperationNameGenerator - Generating unique operation named: deleteUsingOPTIONS_1
16:35:08 - INFO  s.d.s.w.r.o.CachingOperationNameGenerator - Generating unique operation named: deleteUsingTRACE_1
16:35:08 - INFO  s.d.s.w.r.o.CachingOperationNameGenerator - Generating unique operation named: getByNameUsingGET_1
16:35:08 - INFO  s.d.s.w.r.o.CachingOperationNameGenerator - Generating unique operation named: getByNameUsingHEAD_1
16:35:08 - INFO  s.d.s.w.r.o.CachingOperationNameGenerator - Generating unique operation named: getByNameUsingPOST_1
16:35:08 - INFO  s.d.s.w.r.o.CachingOperationNameGenerator - Generating unique operation named: getByNameUsingPUT_1
16:35:08 - INFO  s.d.s.w.r.o.CachingOperationNameGenerator - Generating unique operation named: getByNameUsingPATCH_1
16:35:08 - INFO  s.d.s.w.r.o.CachingOperationNameGenerator - Generating unique operation named: getByNameUsingDELETE_1
16:35:08 - INFO  s.d.s.w.r.o.CachingOperationNameGenerator - Generating unique operation named: getByNameUsingOPTIONS_1
16:35:08 - INFO  s.d.s.w.r.o.CachingOperationNameGenerator - Generating unique operation named: getByNameUsingTRACE_1
16:35:08 - INFO  s.d.s.w.r.o.CachingOperationNameGenerator - Generating unique operation named: updateUsingGET_1
16:35:08 - INFO  s.d.s.w.r.o.CachingOperationNameGenerator - Generating unique operation named: updateUsingHEAD_1
16:35:08 - INFO  s.d.s.w.r.o.CachingOperationNameGenerator - Generating unique operation named: updateUsingPOST_1
16:35:08 - INFO  s.d.s.w.r.o.CachingOperationNameGenerator - Generating unique operation named: updateUsingPUT_1
16:35:08 - INFO  s.d.s.w.r.o.CachingOperationNameGenerator - Generating unique operation named: updateUsingPATCH_1
16:35:08 - INFO  s.d.s.w.r.o.CachingOperationNameGenerator - Generating unique operation named: updateUsingDELETE_1
16:35:08 - INFO  s.d.s.w.r.o.CachingOperationNameGenerator - Generating unique operation named: updateUsingOPTIONS_1
16:35:08 - INFO  s.d.s.w.r.o.CachingOperationNameGenerator - Generating unique operation named: updateUsingTRACE_1
16:35:08 - INFO  o.s.b.c.e.t.TomcatEmbeddedServletContainer - Tomcat started on port(s): 8080 (http)
16:35:08 - INFO  com.example.demo.DemoApplication - Started DemoApplication in 6.304 seconds (JVM running for 7.379)
16:37:45 - INFO  o.a.c.c.C.[Tomcat].[localhost].[/] - Initializing Spring FrameworkServlet 'dispatcherServlet'
16:37:45 - INFO  o.s.web.servlet.DispatcherServlet - FrameworkServlet 'dispatcherServlet': initialization started
16:37:45 - INFO  o.s.web.servlet.DispatcherServlet - FrameworkServlet 'dispatcherServlet': initialization completed in 26 ms
16:37:45 - WARN  o.s.web.servlet.PageNotFound - Request method 'GET' not supported
16:37:45 - WARN  o.s.w.s.m.s.DefaultHandlerExceptionResolver - Resolved exception caused by Handler execution: org.springframework.web.HttpRequestMethodNotSupportedException: Request method 'GET' not supported
